0 4 5 0 0 0 0 0 0 0 0
0.10000000000000001 4 5 49.032533333333319 0.047146666666666656 3 3 0 2120 2120 0
0.20000000000000001 4 5 863.338666666667 0.83013333333333383 15 12 0 14600 11480 0
0.30000000000000004 4 5 3303.2618666666581 3.176213333333326 32 27 0 32280 27080 0
0.40000000000000002 4 5 4447.2063999999655 4.2761599999999671 50 45 0 51000 45800 0
0.5 4 5 4447.2063999999655 4.2761599999999671 68 63 0 69720 64520 0
0.59999999999999998 4 5 4446.485333333364 4.2754666666666976 86 82 0 88440 84280 0
0.69999999999999996 4 5 4445.5424000000694 4.2745600000000685 104 100 0 107160 103000 0
0.79999999999999993 4 5 4445.5424000000694 4.2745600000000685 122 118 0 125880 121720 0
0.89999999999999991 4 5 4445.5424000000694 4.2745600000000685 140 136 0 144600 140440 0
0.99999999999999989 4 5 4445.5424000000694 4.2745600000000685 158 154 0 163320 159160 0
1.0999999999999999 4 5 4445.542399999913 4.2745599999999149 176 172 0 182040 177880 0
1.2 4 5 4445.5423999998438 4.2745599999998483 194 190 0 200760 196600 0
1.3 4 5 4445.5423999998438 4.2745599999998483 212 208 0 219480 215320 0
1.4000000000000001 4 5 4445.5423999998438 4.2745599999998483 230 226 0 238200 234040 0
1.5000000000000002 4 5 4445.5423999998438 4.2745599999998483 248 244 0 256920 252760 0
1.6000000000000003 4 5 4445.5423999998438 4.2745599999998483 266 262 0 275640 271480 0
1.7000000000000004 4 5 4445.5423999998438 4.2745599999998483 284 280 0 294360 290200 0
1.8000000000000005 4 5 4445.5423999998438 4.2745599999998483 302 298 0 313080 308920 0
1.9000000000000006 4 5 4445.5423999998438 4.2745599999998483 320 316 0 331800 327640 0
2.0000000000000004 4 5 4445.5423999998438 4.2745599999998483 338 334 0 350520 346360 0
2.1000000000000005 4 5 4445.5423999998438 4.2745599999998483 356 352 0 369240 365080 0
2.2000000000000006 4 5 4445.5423999998438 4.2745599999998483 374 370 0 387960 383800 0
2.3000000000000007 4 5 4445.5423999998438 4.2745599999998483 392 388 0 406680 402520 0
2.4000000000000008 4 5 4445.5423999998438 4.2745599999998483 410 406 0 425400 421240 0
2.5000000000000009 4 5 4445.5423999998438 4.2745599999998483 428 424 0 444120 439960 0
2.600000000000001 4 5 4445.5423999998429 4.2745599999998483 446 442 0 462840 458680 0
2.7000000000000011 4 5 3477.2053333327308 3.3434666666660875 463 460 1 480520 477400 1040
2.8000000000000012 4 5 1138.2869333333315 1.094506666666665 471 468 1 488840 485720 1040
2.9000000000000012 4 5 346.44479999950562 0.33311999999952463 481 480 1 499240 498200 1040
3.0000000000000013 4 5 432.91733333357809 0.41626666666690199 498 496 1 516920 514840 1040
3.1000000000000014 4 5 1037.7226666668491 1.0323999999999547 518 515 1 536720 533600 1040
3.2000000000000015 4 5 4534.9546666675242 4.3605333333341587 540 533 1 559600 552320 1040
3.3000000000000016 4 5 9846.6090666678392 9.4678933333344606 563 551 1 583520 571040 1040
3.4000000000000017 4 5 12911.808000000086 12.415200000000091 588 569 7 609520 589760 7280
3.5000000000000018 4 5 10766.357333331018 10.352266666664436 600 587 8 622000 608480 8320
3.6000000000000019 4 5 1281.3909333327033 1.2321066666660607 606 595 8 628240 616800 8320
3.700000000000002 4 5 254.7583999990168 0.2449599999990546 608 600 8 630320 622000 8320
3.800000000000002 4 5 0.0 0.0 609 601 8 631360 623040 8320
3.9000000000000021 4 5 98.065066666666127 0.094293333333332813 614 606 8 636560 628240 8320
4.0000000000000018 4 5 549.34186666666687 0.52821333333333353 625 617 8 648000 639680 8320
4.1000000000000014 4 5 995.84853333365538 0.95754666666697641 641 632 8 664640 655280 8320
4.2000000000000011 4 5 1105.4506666667078 1.0629333333333728 657 648 8 681280 671920 8320
4.3000000000000007 4 5 1785.4720000005359 1.716800000000515 677 666 8 702080 690640 8320
4.4000000000000004 4 5 4636.3477333340297 4.4580266666673367 698 684 8 723920 709360 8320
4.5 4 5 6888.5717333337452 6.6236266666670627 718 702 8 744720 728080 8320
4.5999999999999996 4 5 8847.377066666766 8.5070933333334278 737 720 8 764480 746800 8320
4.6999999999999993 4 5 10465.894400000107 10.063360000000099 756 738 8 784240 765520 8320
4.7999999999999989 4 5 11132.326400000462 10.704160000000444 777 756 9 806080 784240 9360
4.8999999999999986 4 5 11817.783466666093 11.363253333332782 795 774 10 824800 802960 10400
4.9999999999999982 4 5 6949.8623999983465 6.6825599999984115 809 792 10 839360 821680 10400
5.0999999999999979 4 5 5511.9999999971405 5.29999999999725 821 810 11 851840 840400 11440
5.1999999999999975 4 5 2823.2533333340675 2.7146666666673722 837 824 11 868480 854960 11440
5.2999999999999972 4 5 1093.8026666666037 1.0517333333332728 854 841 11 886160 872640 11440
5.3999999999999968 4 5 2214.4512000001441 2.1292800000001386 873 859 11 905920 891360 11440
5.4999999999999964 4 5 4804.4672000009095 4.6196800000008746 894 877 11 927760 910080 11440
5.5999999999999961 4 5 6056.2389333339179 5.8233066666672277 915 895 12 949600 928800 12480
5.6999999999999957 4 5 5129.8901333302574 4.9325866666637097 927 913 13 962080 947520 13520
5.7999999999999954 4 5 1124.753066666219 1.0814933333329029 942 929 13 977680 964160 13520
5.899999999999995 4 5 932.5056000007512 0.8966400000007223 961 946 13 997440 981840 13520
5.9999999999999947 4 5 3180.2368000010215 3.0579200000009816 982 964 13 1019280 1000560 13520
6.0999999999999943 4 5 5490.9781333331039 5.279786666666447 1001 982 14 1039040 1019280 14560
6.199999999999994 4 5 5782.4554666672957 5.5600533333339381 1021 1000 14 1059840 1038000 14560
6.2999999999999936 4 5 5444.7189333317565 5.2353066666651502 1037 1018 15 1076480 1056720 15600
6.3999999999999932 4 5 3873.3482666664008 3.7243733333330775 1055 1036 15 1095200 1075440 15600
6.4999999999999929 4 5 3036.0789333325961 2.9193066666659564 1073 1054 16 1113920 1094160 16640
6.5999999999999925 4 5 3646.7669333335202 3.5065066666668478 1092 1072 16 1133680 1112880 16640
6.6999999999999922 4 5 3387.5157333325701 3.2572266666659315 1110 1090 17 1152400 1131600 17680
6.7999999999999918 4 5 865.11360000091906 0.83184000000088376 1120 1098 17 1162800 1139920 17680
6.8999999999999915 4 5 1185.4890666641602 1.1398933333309231 1130 1113 17 1173200 1155520 17680
6.9999999999999911 4 5 375.95306666652056 0.36149333333319283 1147 1130 17 1190880 1173200 17680
7.0999999999999908 4 5 1909.0517333346093 1.8356266666678931 1168 1148 17 1212720 1191920 17680
7.1999999999999904 4 5 4726.7029333345317 4.5449066666678188 1189 1166 17 1234560 1210640 17680
7.2999999999999901 4 5 6914.1418666674026 6.6482133333340405 1209 1184 17 1255360 1229360 17680
7.3999999999999897 4 5 8400.4266666669355 8.0773333333335913 1229 1202 18 1276160 1248080 18720
7.4999999999999893 4 5 8955.259733333105 8.6108266666664459 1247 1220 18 1294880 1266800 18720
7.599999999999989 4 5 4380.9237333327801 4.2124266666661354 1261 1235 18 1309440 1282400 18720
7.6999999999999886 4 5 5711.402666665972 5.4917333333326663 1278 1253 18 1327120 1301120 18720
7.7999999999999883 4 5 6464.6954666670017 6.2160533333336554 1298 1271 19 1347920 1319840 19760
7.8999999999999879 4 5 5816.9002666648566 5.5931733333315954 1314 1289 20 1364560 1338560 20800
7.9999999999999876 4 5 3236.313599998698 3.1118399999987489 1330 1307 20 1381200 1357280 20800
8.0999999999999872 4 5 2023.4240000002758 1.9456000000002651 1346 1323 20 1397840 1373920 20800
8.1999999999999869 4 5 2550.4128000016312 2.4523200000015688 1364 1341 20 1416560 1392640 20800
8.2999999999999865 4 5 4096.3242666688311 3.9387733333354156 1384 1359 21 1437360 1411360 21840
8.3999999999999861 4 5 2638.7712000011429 2.5372800000010987 1400 1377 22 1454000 1430080 22880
8.4999999999999858 4 5 1757.8496000015609 1.690240000001501 1416 1394 22 1470640 1447760 22880
8.5999999999999854 4 5 887.57760000086307 0.85344000000082987 1434 1411 22 1489360 1465440 22880
8.6999999999999851 4 5 2707.3834666679231 2.6032533333345413 1455 1429 22 1511200 1484160 22880
8.7999999999999847 4 5 5387.7546666677663 5.1805333333343926 1475 1447 22 1532000 1502880 22880
8.8999999999999844 4 5 6214.3189333350838 5.9753066666683488 1494 1465 23 1551760 1521600 23920
8.999999999999984 4 5 5963.2768000039023 5.733920000003752 1509 1483 23 1567360 1540320 23920
9.0999999999999837 4 5 3696.1877333343436 3.554026666667637 1529 1501 24 1588160 1559040 24960
9.1999999999999833 4 5 3446.5322666723314 3.3139733333387809 1542 1518 24 1601680 1576720 24960
9.2999999999999829 4 5 3252.2879999973943 3.1271999999974942 1561 1534 24 1621440 1593360 24960
9.3999999999999826 4 5 4322.5173333315161 4.1562666666649202 1582 1552 24 1643280 1612080 24960
9.4999999999999822 4 5 5689.7152000002652 5.4708800000002551 1602 1570 25 1664080 1630800 26000
9.5999999999999819 4 5 5051.4048000076427 4.857120000007348 1616 1588 25 1678640 1649520 26000
9.6999999999999815 4 5 3921.2159999984901 3.7703999999985482 1637 1606 26 1700480 1668240 27040
9.7999999999999812 4 5 4927.6032000073146 4.7380800000070336 1652 1624 26 1716080 1686960 27040
9.8999999999999808 4 5 1618.6837333280778 1.5564266666616133 1672 1641 26 1736880 1704640 27040
9.9999999999999805 4 5 4233.2159999995001 4.0703999999995197 1691 1659 26 1756640 1723360 27040
